"../../../Engine/Content/EngineMaterials/T_Default_Material_Grid_N.uasset" 0
"../../../Engine/Content/EngineMaterials/T_Default_Material_Grid_M.uasset" 1
"../../../Engine/Content/Functions/Engine_MaterialFunctions01/Opacity/CameraDepthFade.uasset" 2
"../../../Engine/Content/EngineMaterials/WorldGridMaterial.uasset" 3
"../../../Engine/Content/ArtTools/RenderToTexture/Meshes/S_1_Unit_Plane.uasset" 4
"../../../Engine/Content/BasicShapes/Plane.uasset" 5
"../../../Engine/Content/EngineMaterials/DefaultPhysicalMaterial.uasset" 6
"../../../Engine/Content/BufferVisualization/AmbientOcclusion.uasset" 7
"../../../Engine/Content/Functions/Engine_MaterialFunctions02/Utility/AppendMany.uasset" 8
"../../../Engine/Content/BufferVisualization/Anisotropy.uasset" 9
"../../../Engine/Content/BufferVisualization/BaseColor.uasset" 10
"../../../Engine/Content/BufferVisualization/CustomDepth.uasset" 11
"../../../Engine/Content/Functions/Engine_MaterialFunctions02/Utility/VectorLength.uasset" 12
"../../../Engine/Content/BufferVisualization/CustomDepthWorldUnits.uasset" 13
"../../../Engine/Content/EngineMaterials/MiniFont.uasset" 14
"../../../Engine/Content/Functions/Engine_MaterialFunctions02/Utility/MakeFloat3.uasset" 15
"../../../Engine/Content/Functions/Engine_MaterialFunctions02/Utility/MakeFloat2.uasset" 16
"../../../Engine/Content/Functions/Engine_MaterialFunctions02/ScreenResolution.uasset" 17
"../../../Engine/Content/Functions/Engine_MaterialFunctions02/Utility/BreakOutFloat2Components.uasset" 18
"../../../Engine/Content/Functions/Engine_MaterialFunctions01/Texturing/ScaleUVsByCenter.uasset" 19
"../../../Engine/Content/Functions/Engine_MaterialFunctions02/Texturing/ScreenAlignedUVs.uasset" 20
"../../../Engine/Content/BufferVisualization/CustomStencil.uasset" 21
"../../../Engine/Content/BufferVisualization/FinalImage.uasset" 22
"../../../Engine/Content/BufferVisualization/LightingModel.uasset" 23
"../../../Engine/Content/BufferVisualization/MaterialAO.uasset" 24
"../../../Engine/Content/BufferVisualization/Metallic.uasset" 25
"../../../Engine/Content/BufferVisualization/Opacity.uasset" 26
"../../../Engine/Content/BufferVisualization/PostTonemapHDRColor.uasset" 27
"../../../Engine/Content/BufferVisualization/PreTonemapHDRColor.uasset" 28
"../../../Engine/Content/BufferVisualization/Roughness.uasset" 29
"../../../Engine/Content/BufferVisualization/SceneColor.uasset" 30
"../../../Engine/Content/BufferVisualization/SceneDepth.uasset" 31
"../../../Engine/Content/BufferVisualization/SceneDepthWorldUnits.uasset" 32
"../../../Engine/Content/BufferVisualization/SeparateTranslucencyA.uasset" 33
"../../../Engine/Content/BufferVisualization/SeparateTranslucencyRGB.uasset" 34
"../../../Engine/Content/BufferVisualization/Specular.uasset" 35
"../../../Engine/Content/BufferVisualization/SubsurfaceColor.uasset" 36
"../../../Engine/Content/BufferVisualization/Velocity.uasset" 37
"../../../Engine/Content/BufferVisualization/WorldNormal.uasset" 38
"../../../Engine/Content/BufferVisualization/WorldTangent.uasset" 39
"../../../Engine/Content/EditorLandscapeResources/DataLayer.uasset" 40
"../../../Engine/Content/EditorLandscapeResources/DefaultAlphaTexture.uasset" 41
"../../../Engine/Content/EditorLandscapeResources/LandscapeGizmoHeight_Mat.uasset" 42
"../../../Engine/Content/EditorLandscapeResources/LandscapeGizmo_Mat.uasset" 43
"../../../Engine/Content/EditorLandscapeResources/LandscapeGizmo_Mat_Copied.uasset" 44
"../../../Engine/Content/EditorLandscapeResources/SplineEditorMeshMat.uasset" 45
"../../../Engine/Content/EditorLandscapeResources/SplineEditorMesh.uasset" 46
"../../../Engine/Content/EditorMaterials/Cross.uasset" 47
"../../../Engine/Content/EditorMaterials/Cross_Mat.uasset" 48
"../../../Engine/Content/EditorResources/T_EditorHelp.uasset" 49
"../../../Engine/Content/Functions/Engine_MaterialFunctions02/Utility/Sign.uasset" 50
"../../../Engine/Content/Functions/Engine_MaterialFunctions02/Utility/Round.uasset" 51
"../../../Engine/Content/Functions/Engine_MaterialFunctions02/ExampleContent/Textures/DebugNumberPeriod.uasset" 52
"../../../Engine/Content/Functions/Engine_MaterialFunctions02/ExampleContent/DebugNumberStrip.uasset" 53
"../../../Engine/Content/EngineMaterials/DefaultDiffuse.uasset" 54
"../../../Engine/Content/Functions/Engine_MaterialFunctions01/Texturing/TextureCropping.uasset" 55
"../../../Engine/Content/Functions/Engine_MaterialFunctions01/Texturing/ComputeMipLevel.uasset" 56
"../../../Engine/Content/Functions/Engine_MaterialFunctions02/Utility/DebugScalarValues.uasset" 57
"../../../Engine/Content/Functions/Engine_MaterialFunctions02/Utility/DebugFloat2Values.uasset" 58
"../../../Engine/Content/Functions/Engine_MaterialFunctions02/ExampleContent/Textures/flipbook.uasset" 59
"../../../Engine/Content/Functions/Engine_MaterialFunctions02/Texturing/FlipBook.uasset" 60
"../../../Engine/Content/EditorMaterials/HelpActorMaterial.uasset" 61
"../../../Engine/Content/Functions/Engine_MaterialFunctions03/Procedurals/ComputeFilterWidth.uasset" 62
"../../../Engine/Content/EngineMaterials/BlendFunc_DefBlend.uasset" 63
"../../../Engine/Content/EngineMaterials/BlendFunc_DefBase.uasset" 64
"../../../Engine/Content/Functions/Engine_MaterialFunctions03/Blends/Blend_Screen.uasset" 65
"../../../Engine/Content/EditorMaterials/TilingAALineIntegral.uasset" 66
"../../../Engine/Content/EditorMaterials/TilingAALineBoxFiltered.uasset" 67
"../../../Engine/Content/EditorMaterials/TilingAAGrid.uasset" 68
"../../../Engine/Content/EditorMaterials/TilingAADots.uasset" 69
"../../../Engine/Content/EditorMaterials/CompositeARGBLayer.uasset" 70
"../../../Engine/Content/EditorMaterials/LevelGridMaterial.uasset" 71
"../../../Engine/Content/EditorResources/LevelGrid1DStripes.uasset" 72
"../../../Engine/Content/EditorMaterials/TextureGridCascaded1D.uasset" 73
"../../../Engine/Content/EditorMaterials/TextureGridCascaded2D.uasset" 74
"../../../Engine/Content/EditorMaterials/MakeCompositeARGBLayer.uasset" 75
"../../../Engine/Content/EditorMaterials/LevelGridMaterial2.uasset" 76
"../../../Engine/Content/EditorMaterials/MAT_Groups_Toggle.uasset" 77
"../../../Engine/Content/EditorMaterials/MAT_Groups_Visibility.uasset" 78
"../../../Engine/Content/EditorMaterials/PhAT_BoneSelectedMaterial.uasset" 79
"../../../Engine/Content/EditorMaterials/PhAT_ElemSelectedMaterial.uasset" 80
"../../../Engine/Content/EditorMaterials/PhAT_NoCollisionMaterial.uasset" 81
"../../../Engine/Content/EditorMaterials/PhAT_UnselectedMaterial.uasset" 82
"../../../Engine/Content/EditorMaterials/PreviewShadowIndicator.uasset" 83
"../../../Engine/Content/EditorMaterials/PreviewShadowIndicatorMaterial.uasset" 84
"../../../Engine/Content/EditorMaterials/TargetIcon.uasset" 85
"../../../Engine/Content/EditorMaterials/Tick.uasset" 86
"../../../Engine/Content/EditorMaterials/Tick_Mat.uasset" 87
"../../../Engine/Content/EditorMaterials/WidgetGridVertexColorMaterial.uasset" 88
"../../../Engine/Content/EditorMaterials/WidgetGridVertexColorMaterial_Ma.uasset" 89
"../../../Engine/Content/EditorMaterials/WidgetMaterial.uasset" 90
"../../../Engine/Content/EditorMaterials/WidgetMaterial_Current.uasset" 91
"../../../Engine/Content/EditorMaterials/WidgetMaterial_X.uasset" 92
"../../../Engine/Content/EditorMaterials/WidgetMaterial_Y.uasset" 93
"../../../Engine/Content/EditorMaterials/WidgetMaterial_Z.uasset" 94
"../../../Engine/Content/EditorMaterials/WidgetVertexColorMaterial.uasset" 95
"../../../Engine/Content/EditorMaterials/MatineeGroups/MAT_ColorTrack.uasset" 96
"../../../Engine/Content/EditorMaterials/MatineeGroups/MAT_Groups_Anim.uasset" 97
"../../../Engine/Content/EditorMaterials/MatineeGroups/MAT_Groups_AudioMaster.uasset" 98
"../../../Engine/Content/EditorMaterials/MatineeGroups/MAT_Groups_Director.uasset" 99
"../../../Engine/Content/EditorMaterials/MatineeGroups/MAT_Groups_Event.uasset" 100
"../../../Engine/Content/EditorMaterials/MatineeGroups/MAT_Groups_Fade.uasset" 101
"../../../Engine/Content/EditorMaterials/MatineeGroups/MAT_Groups_Float.uasset" 102
"../../../Engine/Content/EditorMaterials/MatineeGroups/MAT_Groups_Move.uasset" 103
"../../../Engine/Content/EditorMaterials/MatineeGroups/MAT_Groups_Slomo.uasset" 104
"../../../Engine/Content/EditorMaterials/MatineeGroups/MAT_Groups_Sound.uasset" 105
"../../../Engine/Content/EditorMaterials/MatineeGroups/MAT_Groups_Vector.uasset" 106
"../../../Engine/Content/EditorMaterials/ParticleSystems/PSysThumbnail_NoImage.uasset" 107
"../../../Engine/Content/EditorMaterials/ParticleSystems/PSysThumbnail_OOD.uasset" 108
"../../../Engine/Content/EngineMaterials/Grid.uasset" 109
"../../../Engine/Content/EditorMaterials/Thumbnails/FloorPlaneMaterial.uasset" 110
"../../../Engine/Content/EditorMeshes/EditorCube.uasset" 111
"../../../Engine/Content/EditorMeshes/EditorCylinder.uasset" 112
"../../../Engine/Content/EditorMeshes/EditorPlane.uasset" 113
"../../../Engine/Content/EditorMaterials/Thumbnails/SkySphereMaterial.uasset" 114
"../../../Engine/Content/EditorMeshes/EditorSkySphere.uasset" 115
"../../../Engine/Content/EditorMeshes/EditorSphere.uasset" 116
"../../../Engine/Content/EditorResources/MatineeCam_D.uasset" 117
"../../../Engine/Content/EditorMaterials/MatineeCam_mat.uasset" 118
"../../../Engine/Content/EditorMeshes/MatineeCam_SM.uasset" 119
"../../../Engine/Content/EditorMeshes/PlanarReflectionPlane.uasset" 120
"../../../Engine/Content/EngineDebugMaterials/M_SimpleOpaque.uasset" 121
"../../../Engine/Content/EditorMaterials/Camera/MI_CineMat_CamViewFinder.uasset" 122
"../../../Engine/Content/EditorMaterials/Camera/CineMat.uasset" 123
"../../../Engine/Content/EditorMaterials/Camera/MI_CineMat_CameraBody.uasset" 124
"../../../Engine/Content/EditorMeshes/Camera/SM_CineCam.uasset" 125
"../../../Engine/Content/EditorMaterials/Camera/MI_CineMat_Rig.uasset" 126
"../../../Engine/Content/EditorMeshes/Camera/SM_CraneRig_Arm.uasset" 127
"../../../Engine/Content/EditorMeshes/Camera/SM_CraneRig_Base.uasset" 128
"../../../Engine/Content/EditorMeshes/Camera/SM_CraneRig_Body.uasset" 129
"../../../Engine/Content/EditorMeshes/Camera/SM_CraneRig_Mount.uasset" 130
"../../../Engine/Content/EditorMeshes/Camera/SM_RailRig_Mount.uasset" 131
"../../../Engine/Content/EditorMeshes/Camera/SM_RailRig_Track.uasset" 132
"../../../Engine/Content/EditorMeshes/ColorCalibrator/M_ChromeBall.uasset" 133
"../../../Engine/Content/EditorResources/Bad.uasset" 134
"../../../Engine/Content/EditorResources/BSPVertex.uasset" 135
"../../../Engine/Content/EditorResources/EmptyActor.uasset" 136
"../../../Engine/Content/EditorResources/MatInstActSprite.uasset" 137
"../../../Engine/Content/EditorResources/SceneManager.uasset" 138
"../../../Engine/Content/EditorResources/SmallFont.uasset" 139
"../../../Engine/Content/EditorResources/S_Actor.uasset" 140
"../../../Engine/Content/EditorResources/S_CameraShakeSource.uasset" 141
"../../../Engine/Content/EditorResources/S_DecalActorIcon.uasset" 142
"../../../Engine/Content/EditorResources/S_Emitter.uasset" 143
"../../../Engine/Content/EditorResources/S_ExpoHeightFog.uasset" 144
"../../../Engine/Content/EditorResources/S_FTest.uasset" 145
"../../../Engine/Content/EditorResources/S_KBSJoint.uasset" 146
"../../../Engine/Content/EditorResources/S_KHinge.uasset" 147
"../../../Engine/Content/EditorResources/S_KPrismatic.uasset" 148
"../../../Engine/Content/EditorResources/S_LevelSequence.uasset" 149
"../../../Engine/Content/EditorResources/S_NavP.uasset" 150
"../../../Engine/Content/EditorResources/S_Note.uasset" 151
"../../../Engine/Content/EditorResources/S_Player.uasset" 152
"../../../Engine/Content/EditorResources/S_PortalActorIcon2.uasset" 153
"../../../Engine/Content/EditorResources/S_RadForce.uasset" 154
"../../../Engine/Content/EditorResources/S_ReflActorIcon.uasset" 155
"../../../Engine/Content/EditorResources/S_SkyAtmosphere.uasset" 156
"../../../Engine/Content/EditorResources/S_Solver.uasset" 157
"../../../Engine/Content/EditorResources/S_Terrain.uasset" 158
"../../../Engine/Content/EditorResources/S_TextRenderActorIcon.uasset" 159
"../../../Engine/Content/EditorResources/S_Thruster.uasset" 160
"../../../Engine/Content/EditorResources/S_Trigger.uasset" 161
"../../../Engine/Content/EditorResources/S_VectorFieldVol.uasset" 162
"../../../Engine/Content/EditorResources/S_VolumetricCloud.uasset" 163
"../../../Engine/Content/EditorResources/S_WindDirectional.uasset" 164
"../../../Engine/Content/EditorResources/AI/S_NavLink.uasset" 165
"../../../Engine/Content/EditorResources/LightIcons/SkyLight.uasset" 166
"../../../Engine/Content/EditorResources/LightIcons/S_LightDirectional.uasset" 167
"../../../Engine/Content/EditorResources/LightIcons/S_LightDirectionalMove.uasset" 168
"../../../Engine/Content/EditorResources/LightIcons/S_LightError.uasset" 169
"../../../Engine/Content/EditorResources/LightIcons/S_LightPoint.uasset" 170
"../../../Engine/Content/EditorResources/LightIcons/S_LightPointMove.uasset" 171
"../../../Engine/Content/EditorResources/LightIcons/S_LightSpot.uasset" 172
"../../../Engine/Content/EditorResources/LightIcons/S_LightSpotMove.uasset" 173
"../../../Engine/Content/EditorResources/SequenceRecorder/Countdown.uasset" 174
"../../../Engine/Content/EditorResources/SequenceRecorder/RecordingIndicator.uasset" 175
"../../../Engine/Content/EditorResources/Spline/T_Loft_Spline.uasset" 176
"../../../Engine/Content/EditorSounds/Notifications/CompileSuccess.uasset" 177
"../../../Engine/Content/EditorSounds/Notifications/CompileStart_Cue.uasset" 178
"../../../Engine/Content/EngineDamageTypes/DmgTypeBP_Environmental.uasset" 179
"../../../Engine/Content/EngineDebugMaterials/ClothMaterial.uasset" 180
"../../../Engine/Content/EngineDebugMaterials/ClothMaterial_WF.uasset" 181
"../../../Engine/Content/EngineDebugMaterials/DebugEditorMaterial.uasset" 182
"../../../Engine/Content/EngineDebugMaterials/DebugMeshMaterial.uasset" 183
"../../../Engine/Content/EngineDebugMaterials/GeomMaterial.uasset" 184
"../../../Engine/Content/Functions/Engine_MaterialFunctions01/Shading/ConvertFromDiffSpec.uasset" 185
"../../../Engine/Content/EngineDebugMaterials/LevelColorationLitMaterial.uasset" 186
"../../../Engine/Content/EngineDebugMaterials/LevelColorationUnlitMaterial.uasset" 187
"../../../Engine/Content/EngineMaterials/DefaultWhiteGrid.uasset" 188
"../../../Engine/Content/EngineDebugMaterials/MAT_LevelColorationLitLightmapUV.uasset" 189
"../../../Engine/Content/EngineDebugMaterials/M_SimpleUnlitTranslucent.uasset" 190
"../../../Engine/Content/EngineDebugMaterials/VolumeToRender.uasset" 191
"../../../Engine/Content/Functions/Engine_MaterialFunctions02/Utility/CameraDirectionVector.uasset" 192
"../../../Engine/Content/EngineDebugMaterials/M_VolumeRenderSphereTracePP.uasset" 193
"../../../Engine/Content/EngineMaterials/DefaultWhiteGrid_Low.uasset" 194
"../../../Engine/Content/EngineDebugMaterials/PhysicalMaterialMaskMaterial.uasset" 195
"../../../Engine/Content/EngineDebugMaterials/ShadedLevelColorationLitMaterial.uasset" 196
"../../../Engine/Content/EngineDebugMaterials/ShadedLevelColorationUnlitMateri.uasset" 197
"../../../Engine/Content/EngineDebugMaterials/VertexColorMaterial.uasset" 198
"../../../Engine/Content/EngineDebugMaterials/VertexColorViewMode_AlphaAsColor.uasset" 199
"../../../Engine/Content/EngineDebugMaterials/VertexColorViewMode_BlueOnly.uasset" 200
"../../../Engine/Content/EngineDebugMaterials/VertexColorViewMode_ColorOnly.uasset" 201
"../../../Engine/Content/EngineDebugMaterials/VertexColorViewMode_GreenOnly.uasset" 202
"../../../Engine/Content/EngineDebugMaterials/VertexColorViewMode_RedOnly.uasset" 203
"../../../Engine/Content/EngineDebugMaterials/WireframeMaterial.uasset" 204
"../../../Engine/Content/EngineFonts/Faces/RobotoRegular.uasset" 205
"../../../Engine/Content/EngineFonts/Faces/RobotoLight.uasset" 206
"../../../Engine/Content/EngineFonts/Faces/RobotoItalic.uasset" 207
"../../../Engine/Content/EngineFonts/Faces/RobotoBoldItalic.uasset" 208
"../../../Engine/Content/EngineFonts/Faces/RobotoBold.uasset" 209
"../../../Engine/Content/EngineFonts/Faces/DroidSansFallback.uasset" 210
"../../../Engine/Content/EngineFonts/Roboto.uasset" 211
"../../../Engine/Content/EngineFonts/Faces/RobotoTiny.uasset" 212
"../../../Engine/Content/EngineFonts/RobotoTiny.uasset" 213
"../../../Engine/Content/EngineFonts/SmallFont.uasset" 214
"../../../Engine/Content/EngineFonts/TinyFont.uasset" 215
"../../../Engine/Content/EngineMaterials/BaseFlattenNormalMap.uasset" 216
"../../../Engine/Content/EngineMaterials/BaseFlattenGrayscaleMap.uasset" 217
"../../../Engine/Content/EngineMaterials/BaseFlattenEmissiveMap.uasset" 218
"../../../Engine/Content/EngineMaterials/BaseFlattenDiffuseMap.uasset" 219
"../../../Engine/Content/EngineMaterials/BaseFlattenMaterial.uasset" 220
"../../../Engine/Content/EngineResources/WhiteSquareTexture.uasset" 221
"../../../Engine/Content/EngineMaterials/BlinkingCaret.uasset" 222
"../../../Engine/Content/EngineMaterials/BlueNoise.uasset" 223
"../../../Engine/Content/EngineMaterials/DefaultBloomKernel.uasset" 224
"../../../Engine/Content/EngineMaterials/DefaultBokeh.uasset" 225
"../../../Engine/Content/EngineMaterials/DefaultDeferredDecalMaterial.uasset" 226
"../../../Engine/Content/EngineMaterials/DefaultLightFunctionMaterial.uasset" 227
"../../../Engine/Content/EngineMaterials/DefaultNormal.uasset" 228
"../../../Engine/Content/EngineMaterials/DefaultPostProcessMaterial.uasset" 229
"../../../Engine/Content/EngineFonts/RobotoDistanceField.uasset" 230
"../../../Engine/Content/EngineMaterials/DefaultTextMaterialOpaque.uasset" 231
"../../../Engine/Content/EngineMaterials/EditorBrushMaterial.uasset" 232
"../../../Engine/Content/EngineMaterials/EmissiveMeshMaterial.uasset" 233
"../../../Engine/Content/EngineMaterials/GizmoMaterial.uasset" 234
"../../../Engine/Content/EngineMaterials/Good64x64TilingNoiseHighFreq.uasset" 235
"../../../Engine/Content/EngineMaterials/Grid_N.uasset" 236
"../../../Engine/Content/EngineMaterials/HighResolutionScreenshotMaskFunction.uasset" 237
"../../../Engine/Content/EngineMaterials/HighResScreenshot.uasset" 238
"../../../Engine/Content/EngineMaterials/HighResScreenshotCaptureRegion.uasset" 239
"../../../Engine/Content/EngineMaterials/HighResScreenshotMask.uasset" 240
"../../../Engine/Content/EngineMaterials/LandscapeHolePhysicalMaterial.uasset" 241
"../../../Engine/Content/EngineMaterials/InvalidLightmapSettings.uasset" 242
"../../../Engine/Content/EngineMaterials/M_InvalidLightmapSettings.uasset" 243
"../../../Engine/Content/EngineMaterials/PaperDiffuse.uasset" 244
"../../../Engine/Content/EngineMaterials/PaperNormal.uasset" 245
"../../../Engine/Content/Functions/Engine_MaterialFunctions02/WorldPositionOffset/CameraOffset.uasset" 246
"../../../Engine/Content/EngineMaterials/PhAT_JointLimitMaterial.uasset" 247
"../../../Engine/Content/EngineMaterials/PhysMat_Rubber.uasset" 248
"../../../Engine/Content/EngineMaterials/PreintegratedSkinBRDF.uasset" 249
"../../../Engine/Content/EngineMaterials/RemoveSurfaceMaterial.uasset" 250
"../../../Engine/Content/EngineMaterials/WeightMapPlaceholderTexture.uasset" 251
"../../../Engine/Content/Functions/Engine_MaterialFunctions01/ImageAdjustment/sRGBToLinear.uasset" 252
"../../../Engine/Content/Functions/Engine_MaterialFunctions02/Utility/BreakOutFloat3Components.uasset" 253
"../../../Engine/Content/EngineMaterials/Widget3DCameraPassThrough_Opaque_OneSided.uasset" 254
"../../../Engine/Content/EngineMaterials/Widget3DPassThrough.uasset" 255
"../../../Engine/Content/EngineMaterials/Widget3DPassThrough_Masked.uasset" 256
"../../../Engine/Content/EngineMaterials/Widget3DPassThrough_Opaque.uasset" 257
"../../../Engine/Content/EngineMaterials/Widget3DPassThrough_Masked_OneSided.uasset" 258
"../../../Engine/Content/EngineMaterials/Widget3DPassThrough_Opaque_OneSided.uasset" 259
"../../../Engine/Content/EngineMaterials/Widget3DPassThrough_Translucent.uasset" 260
"../../../Engine/Content/EngineMaterials/Widget3DPassThrough_Translucent_OneSided.uasset" 261
"../../../Engine/Content/EngineMaterials/DefaultMaterial.uasset" 262
"../../../Engine/Content/EngineMeshes/Cylinder.uasset" 263
"../../../Engine/Content/EngineMeshes/Sphere.uasset" 264
"../../../Engine/Content/EngineResources/Black.uasset" 265
"../../../Engine/Content/EngineResources/DefaultTextureCube.uasset" 266
"../../../Engine/Content/EngineResources/DefaultVolumeTexture2D.uasset" 267
"../../../Engine/Content/EngineResources/DefaultVolumeTexture.uasset" 268
"../../../Engine/Content/EngineResources/GradientTexture0.uasset" 269
"../../../Engine/Content/EngineResources/StreamingPauseIcon.uasset" 270
"../../../Engine/Content/EngineResources/M_StreamingPause.uasset" 271
"../../../Engine/Content/EngineSky/VolumetricClouds/T_NoiseShape64.uasset" 272
"../../../Engine/Content/EngineSky/VolumetricClouds/T_VolumeNoiseShape64.uasset" 273
"../../../Engine/Content/EngineSky/VolumetricClouds/T_NoiseErosion.uasset" 274
"../../../Engine/Content/EngineSky/VolumetricClouds/T_VolumeNoiseErosion32.uasset" 275
"../../../Engine/Content/EngineSky/VolumetricClouds/CloudWeatherTexture.uasset" 276
"../../../Engine/Content/EngineSky/VolumetricClouds/CloudGradientTexture.uasset" 277
"../../../Engine/Content/EngineSky/VolumetricClouds/m_SimpleVolumetricCloud.uasset" 278
"../../../Engine/Content/EngineSky/VolumetricClouds/m_SimpleVolumetricCloud_Inst.uasset" 279
"../../../Engine/Content/EngineSounds/Master.uasset" 280
"../../../Engine/Content/Functions/Engine_MaterialFunctions01/Shading/PowerToRoughness.uasset" 281
"../../../Engine/Content/Maps/Templates/Thumbnails/Default.uasset" 282
"../../../Engine/Content/Maps/Templates/Thumbnails/TimeOfDay.uasset" 283
"../../../Engine/Content/Maps/Templates/Thumbnails/VR-Basic.uasset" 284
"../../../Engine/Content/MapTemplates/Sky/DaylightAmbientCubemap.uasset" 285
"../../../Engine/Content/MobileResources/T_MobileControls_texture.uasset" 286
"../../../Engine/Content/MobileResources/T_MobileMenu2.uasset" 287
"../../../Engine/Content/MobileResources/HUD/AnalogHat.uasset" 288
"../../../Engine/Content/MobileResources/HUD/VirtualJoystick_Thumb.uasset" 289
"../../../Engine/Content/MobileResources/HUD/VirtualJoystick_Background.uasset" 290
"../../../Engine/Content/MobileResources/HUD/DefaultVirtualJoysticks.uasset" 291
"../../../Engine/Content/MobileResources/HUD/LeftVirtualJoystickOnly.uasset" 292
"../../../Engine/Content/MobileResources/HUD/MobileHUDButton1_off.uasset" 293
"../../../Engine/Content/MobileResources/HUD/MobileHUDButton1_on.uasset" 294
"../../../Engine/Content/MobileResources/HUD/MobileHUDButton2_off.uasset" 295
"../../../Engine/Content/MobileResources/HUD/MobileHUDButton2_on.uasset" 296
"../../../Engine/Content/MobileResources/HUD/MobileHUDButton3.uasset" 297
"../../../Engine/Content/MobileResources/HUD/MobileHUDButtonFire.uasset" 298
"../../../Engine/Content/MobileResources/HUD/MobileHUDDirectionPad.uasset" 299
"../../../Engine/Content/MobileResources/HUD/MobileHUDDirectionPad2.uasset" 300
"../../../Engine/Content/MobileResources/HUD/MobileHUDDirectionPad3.uasset" 301
"../../../Engine/Content/MobileResources/HUD/MobileHUDDirectionStick.uasset" 302
"../../../Engine/Content/MobileResources/HUD/T_Castle_ThumbstickInner.uasset" 303
"../../../Engine/Content/MobileResources/HUD/T_Castle_ThumbstickOutter.uasset" 304
"../../../Engine/Content/Tutorial/ContentIntroCurve.uasset" 305
"../../../Engine/Content/Tutorial/Basics/LevelEditorAttract.uasset" 306
"../../../Engine/Content/Tutorial/Basics/TutorialAssets/icon_tab_Levels_40x.uasset" 307
"../../../Engine/Content/Tutorial/Basics/LevelEditorOverview.uasset" 308
"../../../Engine/Content/Tutorial/BlueprintTutorials/TutorialAssets/Blueprint_64x.uasset" 309
"../../../Engine/Content/Tutorial/BlueprintTutorials/BlueprintEditorTutorial.uasset" 310
"../../../Engine/Content/Tutorial/BlueprintTutorials/LevelBlueprintEditorOverview.uasset" 311
"../../../Engine/Content/VREditor/TransformGizmo/TranslucentTransformGizmoMaterial.uasset" 312
"../../../Engine/Content/VREditor/LaserPointer/VR_LaserPower_01.uasset" 313
"../../../Engine/Content/VREditor/TransformGizmo/TransformGizmoMaterial.uasset" 314
"../../../Engine/Content/VREditor/TransformGizmo/BoundingBoxCorner.uasset" 315
"../../../Engine/Content/VREditor/TransformGizmo/BoundingBoxEdge.uasset" 316
"../../../Engine/Content/VREditor/TransformGizmo/PlaneTranslationHandle.uasset" 317
"../../../Engine/Content/VREditor/TransformGizmo/Xray.uasset" 318
"../../../Engine/Content/VREditor/TransformGizmo/Main.uasset" 319
"../../../Engine/Content/VREditor/TransformGizmo/SM_Sequencer_Key.uasset" 320
"../../../Engine/Content/VREditor/TransformGizmo/SM_Sequencer_Node.uasset" 321
"../../../../../../../AIE VET Course 2021/Game Projects/SpaceTrash/Content/TwinStickBP/TwinStickOverview.uasset" 322
"../../Plugins/2D/Paper2D/Content/PlaceholderTextures/DummySpriteTexture.uasset" 323
"../../Plugins/2D/Paper2D/Content/DummySprite.uasset" 324
"../../Plugins/2D/Paper2D/Content/DefaultPaperTerrainMaterial.uasset" 325
"../../Plugins/2D/Paper2D/Content/DefaultSpriteMaterial.uasset" 326
"../../Plugins/2D/Paper2D/Content/MaskedUnlitSpriteMaterial.uasset" 327
"../../Plugins/2D/Paper2D/Content/OpaqueUnlitSpriteMaterial.uasset" 328
"../../Plugins/Editor/SpeedTreeImporter/Content/SpeedTree9/UnpackInteger3.uasset" 329
"../../Plugins/Editor/SpeedTreeImporter/Content/SpeedTree9/UnpackDirection.uasset" 330
"../../Plugins/Editor/SpeedTreeImporter/Content/SpeedTree9/game_wind_noise.uasset" 331
"../../../Engine/Content/Functions/Engine_MaterialFunctions02/SafeNormalize.uasset" 332
"../../Plugins/Editor/SpeedTreeImporter/Content/SpeedTree9/SpeedTreeWindMotion.uasset" 333
"../../Plugins/Editor/SpeedTreeImporter/Content/SpeedTree9/SpeedTreeBranchMotion.uasset" 334
"../../../Engine/Content/Functions/Engine_MaterialFunctions02/ObjectLocalBounds.uasset" 335
"../../../Engine/Content/Functions/Engine_MaterialFunctions02/UVs/BoundingBoxBased_0-1_UVW.uasset" 336
"../../Plugins/Editor/SpeedTreeImporter/Content/SpeedTree9/SpeedTreeWind.uasset" 337
"../../Plugins/Editor/SpeedTreeImporter/Content/SpeedTree9/SpeedTreeBillboard.uasset" 338
"../../../Engine/Content/EngineResources/DefaultTexture.uasset" 339
"../../Plugins/Editor/SpeedTreeImporter/Content/SpeedTree9/SpeedTreeBillboardMaster.uasset" 340
"../../Plugins/Editor/SpeedTreeImporter/Content/SpeedTree9/SpeedTreeCameraFacing.uasset" 341
"../../Plugins/Editor/SpeedTreeImporter/Content/SpeedTree9/SpeedTreeMaster.uasset" 342
"../../Plugins/FX/Niagara/Content/Enums/ENiagaraCoordinateSpace.uasset" 343
"../../Plugins/FX/Niagara/Content/Enums/ENiagaraOrientationAxis.uasset" 344
"../../Plugins/FX/Niagara/Content/Enums/ENiagaraRandomnessMode.uasset" 345
"../../Plugins/FX/Niagara/Content/Icons/S_ParticleSystem.uasset" 346
"../../../Engine/Content/BasicShapes/Cylinder.uasset" 347
"../../../Engine/Content/ArtTools/RenderToTexture/Materials/Debug/M_Emissive_Color.uasset" 348
"../../Plugins/Lumin/MagicLeapPassableWorld/Content/MagicLeapARPinInfoActor.uasset" 349
"../../../Engine/Content/Functions/Engine_MaterialFunctions02/Utility/BreakOutFloat4Components.uasset" 350
"../../Plugins/Runtime/Oculus/OculusVR/Content/Materials/OculusMR_ChromaKey.uasset" 351
"../../Plugins/Runtime/Oculus/OculusVR/Content/Materials/OculusMR_OpaqueColoredMaterial.uasset" 352
"../../Plugins/Runtime/Oculus/OculusVR/Content/Materials/PokeAHoleMaterial.uasset" 353
"../../Plugins/Runtime/Oculus/OculusVR/Content/Textures/touchController_controlmap.uasset" 354
"../../Plugins/Runtime/Oculus/OculusVR/Content/Textures/touchController_albedo.uasset" 355
"../../Plugins/Runtime/Oculus/OculusVR/Content/Materials/touchController_mat.uasset" 356
"../../Plugins/Runtime/Oculus/OculusVR/Content/Meshes/LeftTouchController.uasset" 357
"../../Plugins/Runtime/Oculus/OculusVR/Content/Textures/TouchForQuestRiftSController_albedo.uasset" 358
"../../Plugins/Runtime/Oculus/OculusVR/Content/Materials/TouchForQuestRiftSControllerMaterial.uasset" 359
"../../Plugins/Runtime/Oculus/OculusVR/Content/Meshes/LeftTouchForQuestRiftSController.uasset" 360
"../../Plugins/Runtime/Oculus/OculusVR/Content/Meshes/RiftHMD.uasset" 361
"../../Plugins/Runtime/Oculus/OculusVR/Content/Meshes/RightTouchController.uasset" 362
"../../Plugins/Runtime/Oculus/OculusVR/Content/Meshes/RightTouchForQuestRiftSController.uasset" 363
"../../../Engine/Content/Maps/Entry_BuiltData.uasset" 364
"../../../Engine/Content/Maps/Entry.umap" 365
"../../../../../../../AIE VET Course 2021/Game Projects/SpaceTrash/Content/Levels/CityLevel_BuiltData.uasset" 366
"../../../Engine/Content/EngineMaterials/PhysMat_Carboard.uasset" 367
"../../../../../../../AIE VET Course 2021/Game Projects/SpaceTrash/Content/Materials/Window_Material.uasset" 368
"../../../../../../../AIE VET Course 2021/Game Projects/SpaceTrash/Content/Materials/Rock_Material.uasset" 369
"../../../../../../../AIE VET Course 2021/Game Projects/SpaceTrash/Content/Materials/Road_Material.uasset" 370
"../../../../../../../AIE VET Course 2021/Game Projects/SpaceTrash/Content/Materials/Path_Material.uasset" 371
"../../../../../../../AIE VET Course 2021/Game Projects/SpaceTrash/Content/Materials/Building_Material.uasset" 372
"../../../../../../../AIE VET Course 2021/Game Projects/SpaceTrash/Content/Materials/BRIGHT_Material.uasset" 373
"../../../../../../../AIE VET Course 2021/Game Projects/SpaceTrash/Content/Geometry/Meshes/CubeMaterial.uasset" 374
"../../../../../../../AIE VET Course 2021/Game Projects/SpaceTrash/Content/Geometry/Meshes/1M_Cube.uasset" 375
"../../../../../../../AIE VET Course 2021/Game Projects/SpaceTrash/Content/FirstPerson/Meshes/BaseMaterial.uasset" 376
"../../../../../../../AIE VET Course 2021/Game Projects/SpaceTrash/Content/Blueprints/Ship/new_boy___4__Sphere_001.uasset" 377
"../../../../../../../AIE VET Course 2021/Game Projects/SpaceTrash/Content/Blueprints/Ship/Material_008.uasset" 378
"../../../../../../../AIE VET Course 2021/Game Projects/SpaceTrash/Content/Blueprints/Ship/light_blue_emission_.uasset" 379
"../../../../../../../AIE VET Course 2021/Game Projects/SpaceTrash/Content/Blueprints/Ship/new_boy___4__Cylinder_001.uasset" 380
"../../../../../../../AIE VET Course 2021/Game Projects/SpaceTrash/Content/Blueprints/Ship/pink_emission_.uasset" 381
"../../../../../../../AIE VET Course 2021/Game Projects/SpaceTrash/Content/Blueprints/Ship/Material_003.uasset" 382
"../../../../../../../AIE VET Course 2021/Game Projects/SpaceTrash/Content/Blueprints/Ship/new_boy___4__Cylinder.uasset" 383
"../../../../../../../AIE VET Course 2021/Game Projects/SpaceTrash/Content/Blueprints/Ship/new_boy___4__Cube_019.uasset" 384
"../../../../../../../AIE VET Course 2021/Game Projects/SpaceTrash/Content/Blueprints/Ship/Material_011.uasset" 385
"../../../../../../../AIE VET Course 2021/Game Projects/SpaceTrash/Content/Blueprints/Ship/new_boy___4__Cube_016.uasset" 386
"../../../../../../../AIE VET Course 2021/Game Projects/SpaceTrash/Content/Blueprints/Ship/Material_012.uasset" 387
"../../../../../../../AIE VET Course 2021/Game Projects/SpaceTrash/Content/Blueprints/Ship/new_boy___4__Cube_015.uasset" 388
"../../../../../../../AIE VET Course 2021/Game Projects/SpaceTrash/Content/Blueprints/Ship/new_boy___4__Cube_014.uasset" 389
"../../../../../../../AIE VET Course 2021/Game Projects/SpaceTrash/Content/Blueprints/Ship/new_boy___4__Cube_013.uasset" 390
"../../../../../../../AIE VET Course 2021/Game Projects/SpaceTrash/Content/Blueprints/Ship/new_boy___4__Cube_012.uasset" 391
"../../../../../../../AIE VET Course 2021/Game Projects/SpaceTrash/Content/Blueprints/Ship/new_boy___4__Cube_011.uasset" 392
"../../../../../../../AIE VET Course 2021/Game Projects/SpaceTrash/Content/Blueprints/Ship/new_boy___4__Cube_010.uasset" 393
"../../../../../../../AIE VET Course 2021/Game Projects/SpaceTrash/Content/Blueprints/Ship/new_boy___4__Cube_009.uasset" 394
"../../../../../../../AIE VET Course 2021/Game Projects/SpaceTrash/Content/Blueprints/Ship/new_boy___4__Cube_008.uasset" 395
"../../../../../../../AIE VET Course 2021/Game Projects/SpaceTrash/Content/Blueprints/Ship/new_boy___4__Cube_007.uasset" 396
"../../../../../../../AIE VET Course 2021/Game Projects/SpaceTrash/Content/Blueprints/Ship/new_boy___4__Cube_001.uasset" 397
"../../../../../../../AIE VET Course 2021/Game Projects/SpaceTrash/Content/Blueprints/Ship/orange_emission_.uasset" 398
"../../../../../../../AIE VET Course 2021/Game Projects/SpaceTrash/Content/Blueprints/Ship/Material_015.uasset" 399
"../../../../../../../AIE VET Course 2021/Game Projects/SpaceTrash/Content/Blueprints/Ship/new_boy___4__Cube.uasset" 400
"../../../../../../../AIE VET Course 2021/Game Projects/SpaceTrash/Content/Blueprints/Arrow/Material.uasset" 401
"../../../../../../../AIE VET Course 2021/Game Projects/SpaceTrash/Content/Blueprints/Arrow/ArrowMaterial.uasset" 402
"../../../../../../../AIE VET Course 2021/Game Projects/SpaceTrash/Content/HUD/E_GarbageGameStates.uasset" 403
"../../../../../../../AIE VET Course 2021/Game Projects/SpaceTrash/Content/TwinStick/Meshes/BaseMaterial.uasset" 404
"../../../../../../../AIE VET Course 2021/Game Projects/SpaceTrash/Content/TwinStick/Meshes/BlueMaterial.uasset" 405
"../../../../../../../AIE VET Course 2021/Game Projects/SpaceTrash/Content/TwinStick/Meshes/TwinStickUFO.uasset" 406
"../../../../../../../AIE VET Course 2021/Game Projects/SpaceTrash/Content/TwinStick/Audio/TwinStickFire.uasset" 407
"../../../../../../../AIE VET Course 2021/Game Projects/SpaceTrash/Content/StarterContent/Textures/T_Spark_Core.uasset" 408
"../../../../../../../AIE VET Course 2021/Game Projects/SpaceTrash/Content/StarterContent/Particles/Materials/M_Spark.uasset" 409
"../../../Engine/Content/Functions/Engine_MaterialFunctions01/Gradient/RadialGradient.uasset" 410
"../../../../../../../AIE VET Course 2021/Game Projects/SpaceTrash/Content/StarterContent/Particles/Materials/M_Radial_Gradient.uasset" 411
"../../../../../../../AIE VET Course 2021/Game Projects/SpaceTrash/Content/StarterContent/Textures/T_Smoke_Tiled_D.uasset" 412
"../../../../../../../AIE VET Course 2021/Game Projects/SpaceTrash/Content/StarterContent/Textures/T_Smoke_SubUV.uasset" 413
"../../../../../../../AIE VET Course 2021/Game Projects/SpaceTrash/Content/StarterContent/Particles/Materials/M_smoke_subUV.uasset" 414
"../../../../../../../AIE VET Course 2021/Game Projects/SpaceTrash/Content/StarterContent/Particles/P_Sparks.uasset" 415
"../../../../../../../AIE VET Course 2021/Game Projects/SpaceTrash/Content/Blueprints/Ship/yellow_emission_.uasset" 416
"../../../../../../../AIE VET Course 2021/Game Projects/SpaceTrash/Content/Blueprints/Ship/glass.uasset" 417
"../../../../../../../AIE VET Course 2021/Game Projects/SpaceTrash/Content/Blueprints/Ship/new_boy___4__Cube_017.uasset" 418
"../../../../../../../AIE VET Course 2021/Game Projects/SpaceTrash/Content/Blueprints/GarbageGameInstance.uasset" 419
"../../../../../../../AIE VET Course 2021/Game Projects/SpaceTrash/Content/TwinStick/Meshes/OrangeMaterial.uasset" 420
"../../../../../../../AIE VET Course 2021/Game Projects/SpaceTrash/Content/TwinStick/Meshes/TwinStickProjectile.uasset" 421
"../../../../../../../AIE VET Course 2021/Game Projects/SpaceTrash/Content/Materials/Images/Garbage-Dump-Roughness.uasset" 422
"../../../../../../../AIE VET Course 2021/Game Projects/SpaceTrash/Content/Materials/Images/Garbage-Dump-Normal.uasset" 423
"../../../../../../../AIE VET Course 2021/Game Projects/SpaceTrash/Content/Materials/Images/Garbage-Dump-Metallic-02.uasset" 424
"../../../../../../../AIE VET Course 2021/Game Projects/SpaceTrash/Content/Materials/Images/Garbage-Dump-Height.uasset" 425
"../../../../../../../AIE VET Course 2021/Game Projects/SpaceTrash/Content/Materials/Images/Garbage-Dump-Color.uasset" 426
"../../../../../../../AIE VET Course 2021/Game Projects/SpaceTrash/Content/Materials/Images/Garbage-Dump-AO.uasset" 427
"../../../../../../../AIE VET Course 2021/Game Projects/SpaceTrash/Content/Materials/Garbage.uasset" 428
"../../../Engine/Content/EditorBlueprintResources/StandardMacros.uasset" 429
"../../../../../../../AIE VET Course 2021/Game Projects/SpaceTrash/Content/TwinStickBP/Blueprints/TwinStickProjectile.uasset" 430
"../../../Engine/Content/EngineDebugMaterials/HeatmapGradient.uasset" 431
"../../../Engine/Content/EngineDebugMaterials/BoneWeightMaterial.uasset" 432
"../../../../../../../AIE VET Course 2021/Game Projects/SpaceTrash/Content/TwinStickBP/Blueprints/SpaceshipPawn.uasset" 433
"../../../Engine/Content/EngineFonts/Faces/DroidSansMono.uasset" 434
"../../../Engine/Content/EngineFonts/DroidSansMono.uasset" 435
"../../../../../../../AIE VET Course 2021/Game Projects/SpaceTrash/Content/HUD/Space_HUD.uasset" 436
"../../../../../../../AIE VET Course 2021/Game Projects/SpaceTrash/Content/HUD/Audio.uasset" 437
"../../../../../../../AIE VET Course 2021/Game Projects/SpaceTrash/Content/FirstPerson/FPWeapon/Mesh/SK_FPGun_Skeleton.uasset" 438
"../../../../../../../AIE VET Course 2021/Game Projects/SpaceTrash/Content/FirstPerson/FPWeapon/Textures/T_FPGun_N.uasset" 439
"../../../../../../../AIE VET Course 2021/Game Projects/SpaceTrash/Content/FirstPerson/FPWeapon/Textures/T_FPGun_M.uasset" 440
"../../../../../../../AIE VET Course 2021/Game Projects/SpaceTrash/Content/FirstPerson/FPWeapon/Materials/MaterialLayers/T_ML_Rubber_Blue_01_N.uasset" 441
"../../../../../../../AIE VET Course 2021/Game Projects/SpaceTrash/Content/FirstPerson/FPWeapon/Materials/MaterialLayers/T_ML_Rubber_Blue_01_D.uasset" 442
"../../../../../../../AIE VET Course 2021/Game Projects/SpaceTrash/Content/FirstPerson/FPWeapon/Materials/MaterialLayers/T_ML_Aluminum01_N.uasset" 443
"../../../../../../../AIE VET Course 2021/Game Projects/SpaceTrash/Content/FirstPerson/FPWeapon/Materials/MaterialLayers/T_ML_Aluminum01.uasset" 444
"../../../../../../../AIE VET Course 2021/Game Projects/SpaceTrash/Content/FirstPerson/FPWeapon/Materials/MaterialLayers/ML_SoftMetal_UE4.uasset" 445
"../../../../../../../AIE VET Course 2021/Game Projects/SpaceTrash/Content/FirstPerson/FPWeapon/Materials/MaterialLayers/ML_Screen.uasset" 446
"../../../../../../../AIE VET Course 2021/Game Projects/SpaceTrash/Content/FirstPerson/FPWeapon/Materials/MaterialLayers/ML_Plastic_Shiny_Beige.uasset" 447
"../../../../../../../AIE VET Course 2021/Game Projects/SpaceTrash/Content/FirstPerson/FPWeapon/Materials/MaterialLayers/ML_GlossyBlack_Latex_UE4.uasset" 448
"../../../Engine/Content/Functions/MaterialLayerFunctions/MatLayerBlend_Simple.uasset" 449
"../../../Engine/Content/Functions/Engine_MaterialFunctions02/Utility/BlendAngleCorrectedNormals.uasset" 450
"../../../Engine/Content/Functions/MaterialLayerFunctions/MatLayerBlend_NormalBlend.uasset" 451
"../../../../../../../AIE VET Course 2021/Game Projects/SpaceTrash/Content/FirstPerson/FPWeapon/Materials/M_FPGun.uasset" 452
"../../../../../../../AIE VET Course 2021/Game Projects/SpaceTrash/Content/FirstPerson/FPWeapon/Mesh/SK_FPGun.uasset" 453
"../../../../../../../AIE VET Course 2021/Game Projects/SpaceTrash/Content/FirstPerson/Character/Mesh/SK_Mannequin_Arms_PhysicsAsset.uasset" 454
"../../../../../../../AIE VET Course 2021/Game Projects/SpaceTrash/Content/FirstPerson/Character/Textures/UE4_Mannequin_MAT_MASKA.uasset" 455
"../../../../../../../AIE VET Course 2021/Game Projects/SpaceTrash/Content/FirstPerson/Character/Textures/UE4_Mannequin__normals.uasset" 456
"../../../../../../../AIE VET Course 2021/Game Projects/SpaceTrash/Content/FirstPerson/Character/Textures/UE4_LOGO_CARD.uasset" 457
"../../../../../../../AIE VET Course 2021/Game Projects/SpaceTrash/Content/FirstPerson/Character/Materials/MaterialLayers/T_ML_Rubber_Blue_01_N.uasset" 458
"../../../../../../../AIE VET Course 2021/Game Projects/SpaceTrash/Content/FirstPerson/Character/Materials/MaterialLayers/T_ML_Rubber_Blue_01_D.uasset" 459
"../../../../../../../AIE VET Course 2021/Game Projects/SpaceTrash/Content/FirstPerson/Character/Materials/MaterialLayers/T_ML_Aluminum01_N.uasset" 460
"../../../../../../../AIE VET Course 2021/Game Projects/SpaceTrash/Content/FirstPerson/Character/Materials/MaterialLayers/T_ML_Aluminum01.uasset" 461
"../../../../../../../AIE VET Course 2021/Game Projects/SpaceTrash/Content/FirstPerson/Character/Materials/MaterialLayers/ML_SoftMetal_UE4.uasset" 462
"../../../../../../../AIE VET Course 2021/Game Projects/SpaceTrash/Content/FirstPerson/Character/Materials/MaterialLayers/ML_Plastic_Shiny_Beige_LOGO.uasset" 463
"../../../../../../../AIE VET Course 2021/Game Projects/SpaceTrash/Content/FirstPerson/Character/Materials/MaterialLayers/ML_Plastic_Shiny_Beige.uasset" 464
"../../../../../../../AIE VET Course 2021/Game Projects/SpaceTrash/Content/FirstPerson/Character/Materials/MaterialLayers/ML_GlossyBlack_Latex_UE4.uasset" 465
"../../../../../../../AIE VET Course 2021/Game Projects/SpaceTrash/Content/FirstPerson/Character/Materials/M_UE4Man_Body.uasset" 466
"../../../../../../../AIE VET Course 2021/Game Projects/SpaceTrash/Content/FirstPerson/Character/Mesh/SK_Mannequin_Arms_Skeleton.uasset" 467
"../../../../../../../AIE VET Course 2021/Game Projects/SpaceTrash/Content/FirstPerson/Character/Mesh/SK_Mannequin_Arms.uasset" 468
"../../../../../../../AIE VET Course 2021/Game Projects/SpaceTrash/Content/FirstPerson/Audio/FirstPersonTemplateWeaponFire02.uasset" 469
"../../../Engine/Content/Animation/DefaultAnimCurveCompressionSettings.uasset" 470
"../../../Engine/Content/Animation/DefaultAnimBoneCompressionSettings.uasset" 471
"../../../../../../../AIE VET Course 2021/Game Projects/SpaceTrash/Content/FirstPerson/Animations/FirstPerson_Run.uasset" 472
"../../../../../../../AIE VET Course 2021/Game Projects/SpaceTrash/Content/FirstPerson/Animations/FirstPerson_JumpStart.uasset" 473
"../../../../../../../AIE VET Course 2021/Game Projects/SpaceTrash/Content/FirstPerson/Animations/FirstPerson_JumpLoop.uasset" 474
"../../../../../../../AIE VET Course 2021/Game Projects/SpaceTrash/Content/FirstPerson/Animations/FirstPerson_JumpEnd.uasset" 475
"../../../../../../../AIE VET Course 2021/Game Projects/SpaceTrash/Content/FirstPerson/Animations/FirstPerson_Idle.uasset" 476
"../../../../../../../AIE VET Course 2021/Game Projects/SpaceTrash/Content/FirstPerson/Animations/FirstPerson_AnimBP.uasset" 477
"../../../../../../../AIE VET Course 2021/Game Projects/SpaceTrash/Content/FirstPerson/Animations/FirstPerson_Fire.uasset" 478
"../../../../../../../AIE VET Course 2021/Game Projects/SpaceTrash/Content/FirstPerson/Animations/FirstPersonFire_Montage.uasset" 479
"../../../../../../../AIE VET Course 2021/Game Projects/SpaceTrash/Content/Blueprints/Gun/Material_007.uasset" 480
"../../../../../../../AIE VET Course 2021/Game Projects/SpaceTrash/Content/Blueprints/Gun/Material_004.uasset" 481
"../../../../../../../AIE VET Course 2021/Game Projects/SpaceTrash/Content/Blueprints/Gun/Material_003.uasset" 482
"../../../../../../../AIE VET Course 2021/Game Projects/SpaceTrash/Content/Blueprints/Gun/Material_001.uasset" 483
"../../../../../../../AIE VET Course 2021/Game Projects/SpaceTrash/Content/Blueprints/Gun/Material.uasset" 484
"../../../../../../../AIE VET Course 2021/Game Projects/SpaceTrash/Content/Blueprints/Gun/glowy.uasset" 485
"../../../../../../../AIE VET Course 2021/Game Projects/SpaceTrash/Content/Blueprints/Gun/gungun__2_.uasset" 486
"../../../../../../../AIE VET Course 2021/Game Projects/SpaceTrash/Content/FirstPerson/Meshes/FirstPersonProjectileMaterial.uasset" 487
"../../../../../../../AIE VET Course 2021/Game Projects/SpaceTrash/Content/FirstPerson/Meshes/FirstPersonProjectileMesh.uasset" 488
"../../../Engine/Content/BasicShapes/Cube.uasset" 489
"../../../../../../../AIE VET Course 2021/Game Projects/SpaceTrash/Content/Blueprints/BP_Ammo.uasset" 490
"../../../../../../../AIE VET Course 2021/Game Projects/SpaceTrash/Content/FirstPersonBP/Blueprints/FirstPersonProjectile.uasset" 491
"../../../../../../../AIE VET Course 2021/Game Projects/SpaceTrash/Content/FirstPersonBP/Blueprints/FirstPersonCharacter.uasset" 492
"../../../../../../../AIE VET Course 2021/Game Projects/SpaceTrash/Content/HUD/FirstPerson_HUD.uasset" 493
"../../../../../../../AIE VET Course 2021/Game Projects/SpaceTrash/Content/Blueprints/GarbageFunctionLibrary.uasset" 494
"../../../../../../../AIE VET Course 2021/Game Projects/SpaceTrash/Content/Blueprints/GarbageGameManager.uasset" 495
"../../../../../../../AIE VET Course 2021/Game Projects/SpaceTrash/Content/HUD/Settings_HUD.uasset" 496
"../../../../../../../AIE VET Course 2021/Game Projects/SpaceTrash/Content/Levels/City_GameMode.uasset" 497
"../../../../../../../AIE VET Course 2021/Game Projects/SpaceTrash/Content/Sounds/test_to_ship.uasset" 498
"../../../../../../../AIE VET Course 2021/Game Projects/SpaceTrash/Content/Blueprints/Arrow/arrow.uasset" 499
"../../../../../../../AIE VET Course 2021/Game Projects/SpaceTrash/Content/Blueprints/Arrow/ArrowBP.uasset" 500
"../../../../../../../AIE VET Course 2021/Game Projects/SpaceTrash/Content/Blueprints/BP_Arrow.uasset" 501
"../../../../../../../AIE VET Course 2021/Game Projects/SpaceTrash/Content/Blueprints/BP_TriggerThisIsRubbish.uasset" 502
"../../../../../../../AIE VET Course 2021/Game Projects/SpaceTrash/Content/Blueprints/BP_ShipTriggerSpace.uasset" 503
"../../../../../../../AIE VET Course 2021/Game Projects/SpaceTrash/Content/Materials/Metal_Material.uasset" 504
"../../../../../../../AIE VET Course 2021/Game Projects/SpaceTrash/Content/Blueprints/BP_FenceOpen.uasset" 505
"../../../../../../../AIE VET Course 2021/Game Projects/SpaceTrash/Content/Blueprints/BP_FenceClosed.uasset" 506
"../../../../../../../AIE VET Course 2021/Game Projects/SpaceTrash/Content/Blueprints/BP_TriggerStart.uasset" 507
"../../../Engine/Content/EngineSky/T_Sky_Stars.uasset" 508
"../../../Engine/Content/EngineSky/T_Sky_Clouds_M.uasset" 509
"../../../Engine/Content/EngineSky/T_Sky_Blue.uasset" 510
"../../../Engine/Content/EngineSky/M_Sky_Panning_Clouds2.uasset" 511
"../../../Engine/Content/EngineSky/SM_SkySphere.uasset" 512
"../../../Engine/Content/EngineSky/C_Sky_Zenith_Color.uasset" 513
"../../../Engine/Content/EngineSky/C_Sky_Horizon_Color.uasset" 514
"../../../Engine/Content/EngineSky/C_Sky_Cloud_Color.uasset" 515
"../../../Engine/Content/EngineSky/BP_Sky_Sphere.uasset" 516
"../../../Engine/Content/BasicShapes/Sphere.uasset" 517
"../../../Engine/Content/BasicShapes/Cone.uasset" 518
"../../../Engine/Content/BasicShapes/BasicShapeMaterial.uasset" 519
"../../../../../../../AIE VET Course 2021/Game Projects/SpaceTrash/Content/Levels/CityLevel.umap" 520
"../../../../../../../AIE VET Course 2021/Game Projects/SpaceTrash/Content/Geometry/Meshes/1M_Cube_Chamfer.uasset" 521
"../../../../../../../AIE VET Course 2021/Game Projects/SpaceTrash/Content/Levels/SpaceLevel_BuiltData.uasset" 522
"../../../../../../../AIE VET Course 2021/Game Projects/SpaceTrash/Content/Blueprints/Asteroid/baileys_thing.uasset" 523
"../../../../../../../AIE VET Course 2021/Game Projects/SpaceTrash/Content/Blueprints/Asteroid/Sphere_007.uasset" 524
"../../../../../../../AIE VET Course 2021/Game Projects/SpaceTrash/Content/Blueprints/Asteroid/Sphere_006.uasset" 525
"../../../../../../../AIE VET Course 2021/Game Projects/SpaceTrash/Content/Blueprints/Asteroid/Sphere_005.uasset" 526
"../../../../../../../AIE VET Course 2021/Game Projects/SpaceTrash/Content/Blueprints/Asteroid/Sphere_004.uasset" 527
"../../../../../../../AIE VET Course 2021/Game Projects/SpaceTrash/Content/Blueprints/Asteroid/Sphere_003.uasset" 528
"../../../../../../../AIE VET Course 2021/Game Projects/SpaceTrash/Content/Blueprints/Asteroid/Sphere_002.uasset" 529
"../../../../../../../AIE VET Course 2021/Game Projects/SpaceTrash/Content/Blueprints/Asteroid/Sphere_001.uasset" 530
"../../../../../../../AIE VET Course 2021/Game Projects/SpaceTrash/Content/Blueprints/Asteroid/Sphere.uasset" 531
"../../../../../../../AIE VET Course 2021/Game Projects/SpaceTrash/Content/Blueprints/Asteroid/BP_BrokenAsteroid.uasset" 532
"../../../../../../../AIE VET Course 2021/Game Projects/SpaceTrash/Content/StarterContent/Textures/T_RockMesh_N.uasset" 533
"../../../../../../../AIE VET Course 2021/Game Projects/SpaceTrash/Content/StarterContent/Textures/T_RockMesh_M.uasset" 534
"../../../../../../../AIE VET Course 2021/Game Projects/SpaceTrash/Content/StarterContent/Textures/T_Detail_Rocky_N.uasset" 535
"../../../../../../../AIE VET Course 2021/Game Projects/SpaceTrash/Content/StarterContent/Textures/T_Rock_Basalt_D.uasset" 536
"../../../../../../../AIE VET Course 2021/Game Projects/SpaceTrash/Content/StarterContent/Props/Materials/M_Rock.uasset" 537
"../../../../../../../AIE VET Course 2021/Game Projects/SpaceTrash/Content/StarterContent/Textures/T_Perlin_Noise_M.uasset" 538
"../../../../../../../AIE VET Course 2021/Game Projects/SpaceTrash/Content/StarterContent/Textures/T_MacroVariation.uasset" 539
"../../../../../../../AIE VET Course 2021/Game Projects/SpaceTrash/Content/StarterContent/Textures/T_Rock_Slate_N.uasset" 540
"../../../../../../../AIE VET Course 2021/Game Projects/SpaceTrash/Content/StarterContent/Textures/T_Rock_Slate_D.uasset" 541
"../../../../../../../AIE VET Course 2021/Game Projects/SpaceTrash/Content/StarterContent/Materials/M_Rock_Slate.uasset" 542
"../../../../../../../AIE VET Course 2021/Game Projects/SpaceTrash/Content/Blueprints/BP_FullAsteroid.uasset" 543
"../../../../../../../AIE VET Course 2021/Game Projects/SpaceTrash/Content/Blueprints/Boundary.uasset" 544
"../../../Engine/Content/EditorMaterials/Cascade/CASC_BackgroundCube_MAT.uasset" 545
"../../../../../../../AIE VET Course 2021/Game Projects/SpaceTrash/Content/Levels/SpaceLevel.umap" 546
